<?xml version="1.0" encoding="UTF-8"?>
<testng-results skipped="0" failed="1" ignored="0" total="3" passed="2">
  <reporter-output>
  </reporter-output>
  <suite name="QA Academy" duration-ms="58739" started-at="2019-09-12T12:44:21 COT" finished-at="2019-09-12T12:45:20 COT">
    <groups>
    </groups>
    <test name="QA Academy page" duration-ms="26959" started-at="2019-09-12T12:44:21 COT" finished-at="2019-09-12T12:44:48 COT">
      <class name="com.danjerous.framework.HomePage">
        <test-method status="PASS" signature="init()[pri:0, instance:com.danjerous.framework.HomePage@67d48005]" name="init" is-config="true" duration-ms="9195" started-at="2019-09-12T12:44:21 COT" finished-at="2019-09-12T12:44:30 COT">
          <reporter-output>
          </reporter-output>
        </test-method> <!-- init -->
        <test-method status="FAIL" signature="basePageNavigation(java.lang.String, java.lang.String)[pri:0, instance:com.danjerous.framework.HomePage@67d48005]" name="basePageNavigation" duration-ms="16001" started-at="2019-09-12T12:44:30 COT" data-provider="getData" finished-at="2019-09-12T12:44:46 COT">
          <params>
            <param index="0">
              <value>
                <![CDATA[dani]]>
              </value>
            </param>
            <param index="1">
              <value>
                <![CDATA[dani123]]>
              </value>
            </param>
          </params>
          <exception class="org.openqa.selenium.ElementClickInterceptedException">
            <message>
              <![CDATA[element click intercepted: Element <a href="http://qaclickacademy.usefedora.com/sign_in">...</a> is not clickable at point (992, 16). Other element would receive the click: <div class="listbuilder-popup-content">...</div>
  (Session info: chrome=77.0.3865.75)
Build info: version: '3.141.59', revision: 'e82be7d358', time: '2018-11-14T08:17:03'
System info: host: 'LAPTOP-ETN96FDI', ip: '192.168.1.72', os.name: 'Windows 10', os.arch: 'amd64', os.version: '10.0', java.version: '1.8.0_221'
Driver info: org.openqa.selenium.chrome.ChromeDriver
Capabilities {acceptInsecureCerts: false, browserName: chrome, browserVersion: 77.0.3865.75, chrome: {chromedriverVersion: 76.0.3809.126 (d80a294506b4..., userDataDir: C:\Users\DANIER~1\AppData\L...}, goog:chromeOptions: {debuggerAddress: localhost:58344}, javascriptEnabled: true, networkConnectionEnabled: false, pageLoadStrategy: normal, platform: XP, platformName: XP, proxy: Proxy(), setWindowRect: true, strictFileInteractability: false, timeouts: {implicit: 0, pageLoad: 300000, script: 30000}, unhandledPromptBehavior: dismiss and notify}
Session ID: 009c02321671f94023931b41290017ee]]>
            </message>
            <full-stacktrace>
              <![CDATA[org.openqa.selenium.ElementClickInterceptedException: element click intercepted: Element <a href="http://qaclickacademy.usefedora.com/sign_in">...</a> is not clickable at point (992, 16). Other element would receive the click: <div class="listbuilder-popup-content">...</div>
  (Session info: chrome=77.0.3865.75)
Build info: version: '3.141.59', revision: 'e82be7d358', time: '2018-11-14T08:17:03'
System info: host: 'LAPTOP-ETN96FDI', ip: '192.168.1.72', os.name: 'Windows 10', os.arch: 'amd64', os.version: '10.0', java.version: '1.8.0_221'
Driver info: org.openqa.selenium.chrome.ChromeDriver
Capabilities {acceptInsecureCerts: false, browserName: chrome, browserVersion: 77.0.3865.75, chrome: {chromedriverVersion: 76.0.3809.126 (d80a294506b4..., userDataDir: C:\Users\DANIER~1\AppData\L...}, goog:chromeOptions: {debuggerAddress: localhost:58344}, javascriptEnabled: true, networkConnectionEnabled: false, pageLoadStrategy: normal, platform: XP, platformName: XP, proxy: Proxy(), setWindowRect: true, strictFileInteractability: false, timeouts: {implicit: 0, pageLoad: 300000, script: 30000}, unhandledPromptBehavior: dismiss and notify}
Session ID: 009c02321671f94023931b41290017ee
at sun.reflect.NativeConstructorAccessorImpl.newInstance0(Native Method)
at sun.reflect.NativeConstructorAccessorImpl.newInstance(NativeConstructorAccessorImpl.java:62)
at sun.reflect.DelegatingConstructorAccessorImpl.newInstance(DelegatingConstructorAccessorImpl.java:45)
at java.lang.reflect.Constructor.newInstance(Constructor.java:423)
at org.openqa.selenium.remote.http.W3CHttpResponseCodec.createException(W3CHttpResponseCodec.java:187)
at org.openqa.selenium.remote.http.W3CHttpResponseCodec.decode(W3CHttpResponseCodec.java:122)
at org.openqa.selenium.remote.http.W3CHttpResponseCodec.decode(W3CHttpResponseCodec.java:49)
at org.openqa.selenium.remote.HttpCommandExecutor.execute(HttpCommandExecutor.java:158)
at org.openqa.selenium.remote.service.DriverCommandExecutor.execute(DriverCommandExecutor.java:83)
at org.openqa.selenium.remote.RemoteWebDriver.execute(RemoteWebDriver.java:552)
at org.openqa.selenium.remote.RemoteWebElement.execute(RemoteWebElement.java:285)
at org.openqa.selenium.remote.RemoteWebElement.click(RemoteWebElement.java:84)
at com.danjerous.framework.HomePage.basePageNavigation(HomePage.java:27)
at sun.reflect.NativeMethodAccessorImpl.invoke0(Native Method)
at sun.reflect.NativeMethodAccessorImpl.invoke(NativeMethodAccessorImpl.java:62)
at sun.reflect.DelegatingMethodAccessorImpl.invoke(DelegatingMethodAccessorImpl.java:43)
at java.lang.reflect.Method.invoke(Method.java:498)
at org.testng.internal.MethodInvocationHelper.invokeMethod(MethodInvocationHelper.java:133)
at org.testng.internal.TestInvoker.invokeMethod(TestInvoker.java:584)
at org.testng.internal.TestInvoker.invokeTestMethod(TestInvoker.java:172)
at org.testng.internal.MethodRunner.runInSequence(MethodRunner.java:46)
at org.testng.internal.TestInvoker$MethodInvocationAgent.invoke(TestInvoker.java:804)
at org.testng.internal.TestInvoker.invokeTestMethods(TestInvoker.java:145)
at org.testng.internal.TestMethodWorker.invokeTestMethods(TestMethodWorker.java:146)
at org.testng.internal.TestMethodWorker.run(TestMethodWorker.java:128)
at java.util.ArrayList.forEach(ArrayList.java:1257)
at org.testng.TestRunner.privateRun(TestRunner.java:770)
at org.testng.TestRunner.run(TestRunner.java:591)
at org.testng.SuiteRunner.runTest(SuiteRunner.java:402)
at org.testng.SuiteRunner.runSequentially(SuiteRunner.java:396)
at org.testng.SuiteRunner.privateRun(SuiteRunner.java:355)
at org.testng.SuiteRunner.run(SuiteRunner.java:304)
at org.testng.SuiteRunnerWorker.runSuite(SuiteRunnerWorker.java:53)
at org.testng.SuiteRunnerWorker.run(SuiteRunnerWorker.java:96)
at org.testng.TestNG.runSuitesSequentially(TestNG.java:1180)
at org.testng.TestNG.runSuitesLocally(TestNG.java:1102)
at org.testng.TestNG.runSuites(TestNG.java:1032)
at org.testng.TestNG.run(TestNG.java:1000)
at org.testng.IDEARemoteTestNG.run(IDEARemoteTestNG.java:73)
at org.testng.RemoteTestNGStarter.main(RemoteTestNGStarter.java:123)
]]>
            </full-stacktrace>
          </exception> <!-- org.openqa.selenium.ElementClickInterceptedException -->
          <reporter-output>
          </reporter-output>
        </test-method> <!-- basePageNavigation -->
        <test-method status="PASS" signature="tearDown()[pri:0, instance:com.danjerous.framework.HomePage@67d48005]" name="tearDown" is-config="true" duration-ms="505" started-at="2019-09-12T12:44:47 COT" finished-at="2019-09-12T12:44:48 COT">
          <reporter-output>
          </reporter-output>
        </test-method> <!-- tearDown -->
      </class> <!-- com.danjerous.framework.HomePage -->
    </test> <!-- QA Academy page -->
    <test name="Validating home page title" duration-ms="15266" started-at="2019-09-12T12:44:49 COT" finished-at="2019-09-12T12:45:04 COT">
      <class name="com.danjerous.framework.ValidateTitle">
        <test-method status="PASS" signature="init()[pri:0, instance:com.danjerous.framework.ValidateTitle@36902638]" name="init" is-config="true" duration-ms="14302" started-at="2019-09-12T12:44:49 COT" finished-at="2019-09-12T12:45:03 COT">
          <reporter-output>
          </reporter-output>
        </test-method> <!-- init -->
        <test-method status="PASS" signature="basePageNavigation()[pri:0, instance:com.danjerous.framework.ValidateTitle@36902638]" name="basePageNavigation" duration-ms="695" started-at="2019-09-12T12:45:03 COT" finished-at="2019-09-12T12:45:04 COT">
          <reporter-output>
          </reporter-output>
        </test-method> <!-- basePageNavigation -->
        <test-method status="PASS" signature="tearDown()[pri:0, instance:com.danjerous.framework.ValidateTitle@36902638]" name="tearDown" is-config="true" duration-ms="265" started-at="2019-09-12T12:45:04 COT" finished-at="2019-09-12T12:45:04 COT">
          <reporter-output>
          </reporter-output>
        </test-method> <!-- tearDown -->
      </class> <!-- com.danjerous.framework.ValidateTitle -->
    </test> <!-- Validating home page title -->
    <test name="Validating navigation bar" duration-ms="15644" started-at="2019-09-12T12:45:04 COT" finished-at="2019-09-12T12:45:20 COT">
      <class name="com.danjerous.framework.ValidateNavigation">
        <test-method status="PASS" signature="init()[pri:0, instance:com.danjerous.framework.ValidateNavigation@131774fe]" name="init" is-config="true" duration-ms="15101" started-at="2019-09-12T12:45:04 COT" finished-at="2019-09-12T12:45:19 COT">
          <reporter-output>
          </reporter-output>
        </test-method> <!-- init -->
        <test-method status="PASS" signature="navigationVisibilityTest()[pri:0, instance:com.danjerous.framework.ValidateNavigation@131774fe]" name="navigationVisibilityTest" duration-ms="368" started-at="2019-09-12T12:45:19 COT" finished-at="2019-09-12T12:45:20 COT">
          <reporter-output>
          </reporter-output>
        </test-method> <!-- navigationVisibilityTest -->
        <test-method status="PASS" signature="tearDown()[pri:0, instance:com.danjerous.framework.ValidateNavigation@131774fe]" name="tearDown" is-config="true" duration-ms="175" started-at="2019-09-12T12:45:20 COT" finished-at="2019-09-12T12:45:20 COT">
          <reporter-output>
          </reporter-output>
        </test-method> <!-- tearDown -->
      </class> <!-- com.danjerous.framework.ValidateNavigation -->
    </test> <!-- Validating navigation bar -->
  </suite> <!-- QA Academy -->
</testng-results>
