<?xml version="1.0" encoding="UTF-8"?>
<testng-results skipped="0" failed="0" ignored="0" total="3" passed="3">
  <reporter-output>
  </reporter-output>
  <suite name="QA Academy" duration-ms="86397" started-at="2019-09-13T17:17:21 COT" finished-at="2019-09-13T17:18:47 COT">
    <groups>
      <group name="cucumber">
        <method signature="AbstractTestNGCucumberTests.runScenario(cucumber.api.testng.PickleEventWrapper, cucumber.api.testng.CucumberFeatureWrapper)[pri:0, instance:com.danjerous.framework.cucumber.TestRunner@4501b7af]" name="runScenario" class="cucumber.api.testng.AbstractTestNGCucumberTests"/>
      </group> <!-- cucumber -->
    </groups>
    <test name="cucumber testng" duration-ms="86397" started-at="2019-09-13T17:17:21 COT" finished-at="2019-09-13T17:18:47 COT">
      <class name="com.danjerous.framework.cucumber.TestRunner">
        <test-method status="PASS" signature="setUpClass()[pri:0, instance:com.danjerous.framework.cucumber.TestRunner@4501b7af]" name="setUpClass" is-config="true" duration-ms="200" started-at="2019-09-13T17:17:21 COT" finished-at="2019-09-13T17:17:21 COT">
          <reporter-output>
          </reporter-output>
        </test-method> <!-- setUpClass -->
        <test-method status="PASS" signature="runScenario(cucumber.api.testng.PickleEventWrapper, cucumber.api.testng.CucumberFeatureWrapper)[pri:0, instance:com.danjerous.framework.cucumber.TestRunner@4501b7af]" name="runScenario" duration-ms="34175" started-at="2019-09-13T17:17:21 COT" description="Runs Cucumber Scenarios" data-provider="scenarios" finished-at="2019-09-13T17:17:55 COT">
          <params>
            <param index="0">
              <value>
                <![CDATA["Positive test validating login"]]>
              </value>
            </param>
            <param index="1">
              <value>
                <![CDATA["Login into application"]]>
              </value>
            </param>
          </params>
          <reporter-output>
          </reporter-output>
        </test-method> <!-- runScenario -->
        <test-method status="PASS" signature="runScenario(cucumber.api.testng.PickleEventWrapper, cucumber.api.testng.CucumberFeatureWrapper)[pri:0, instance:com.danjerous.framework.cucumber.TestRunner@4501b7af]" name="runScenario" duration-ms="29132" started-at="2019-09-13T17:17:55 COT" description="Runs Cucumber Scenarios" data-provider="scenarios" finished-at="2019-09-13T17:18:24 COT">
          <params>
            <param index="0">
              <value>
                <![CDATA["Positive test validating login"]]>
              </value>
            </param>
            <param index="1">
              <value>
                <![CDATA["Login into application"]]>
              </value>
            </param>
          </params>
          <reporter-output>
          </reporter-output>
        </test-method> <!-- runScenario -->
        <test-method status="PASS" signature="runScenario(cucumber.api.testng.PickleEventWrapper, cucumber.api.testng.CucumberFeatureWrapper)[pri:0, instance:com.danjerous.framework.cucumber.TestRunner@4501b7af]" name="runScenario" duration-ms="22782" started-at="2019-09-13T17:18:24 COT" description="Runs Cucumber Scenarios" data-provider="scenarios" finished-at="2019-09-13T17:18:47 COT">
          <params>
            <param index="0">
              <value>
                <![CDATA["Positive test validating login"]]>
              </value>
            </param>
            <param index="1">
              <value>
                <![CDATA["Login into application"]]>
              </value>
            </param>
          </params>
          <reporter-output>
          </reporter-output>
        </test-method> <!-- runScenario -->
        <test-method status="PASS" signature="tearDownClass()[pri:0, instance:com.danjerous.framework.cucumber.TestRunner@4501b7af]" name="tearDownClass" is-config="true" duration-ms="3" started-at="2019-09-13T17:18:47 COT" finished-at="2019-09-13T17:18:47 COT">
          <reporter-output>
          </reporter-output>
        </test-method> <!-- tearDownClass -->
      </class> <!-- com.danjerous.framework.cucumber.TestRunner -->
    </test> <!-- cucumber testng -->
  </suite> <!-- QA Academy -->
</testng-results>
