<?xml version="1.0" encoding="UTF-8"?>
<testng-results skipped="0" failed="1" ignored="0" total="3" passed="2">
  <reporter-output>
  </reporter-output>
  <suite name="QA Academy" duration-ms="48325" started-at="2019-09-12T17:09:17Z" finished-at="2019-09-12T17:10:05Z">
    <groups>
    </groups>
    <test name="QA Academy page" duration-ms="19555" started-at="2019-09-12T17:09:17Z" finished-at="2019-09-12T17:09:36Z">
      <class name="com.danjerous.framework.HomePage">
        <test-method status="PASS" signature="init()[pri:0, instance:com.danjerous.framework.HomePage@47fd17e3]" name="init" is-config="true" duration-ms="4493" started-at="2019-09-12T12:09:17Z" finished-at="2019-09-12T12:09:21Z">
          <reporter-output>
          </reporter-output>
        </test-method> <!-- init -->
        <test-method status="FAIL" signature="basePageNavigation(java.lang.String, java.lang.String)[pri:0, instance:com.danjerous.framework.HomePage@47fd17e3]" name="basePageNavigation" duration-ms="14790" started-at="2019-09-12T12:09:21Z" data-provider="getData" finished-at="2019-09-12T12:09:36Z">
          <params>
            <param index="0">
              <value>
                <![CDATA[dani]]>
              </value>
            </param>
            <param index="1">
              <value>
                <![CDATA[dani123]]>
              </value>
            </param>
          </params>
          <exception class="org.openqa.selenium.ElementClickInterceptedException">
            <message>
              <![CDATA[element click intercepted: Element <a href="http://qaclickacademy.usefedora.com/sign_in">...</a> is not clickable at point (992, 16). Other element would receive the click: <div class="listbuilder-popup-content">...</div>
  (Session info: chrome=77.0.3865.75)
Build info: version: '3.141.59', revision: 'e82be7d358', time: '2018-11-14T08:17:03'
System info: host: 'LAPTOP-ETN96FDI', ip: '192.168.1.72', os.name: 'Windows 10', os.arch: 'amd64', os.version: '10.0', java.version: '1.8.0_221'
Driver info: org.openqa.selenium.chrome.ChromeDriver
Capabilities {acceptInsecureCerts: false, browserName: chrome, browserVersion: 77.0.3865.75, chrome: {chromedriverVersion: 76.0.3809.126 (d80a294506b4..., userDataDir: C:\Users\DANIER~1\AppData\L...}, goog:chromeOptions: {debuggerAddress: localhost:57899}, javascriptEnabled: true, networkConnectionEnabled: false, pageLoadStrategy: normal, platform: XP, platformName: XP, proxy: Proxy(), setWindowRect: true, strictFileInteractability: false, timeouts: {implicit: 0, pageLoad: 300000, script: 30000}, unhandledPromptBehavior: dismiss and notify}
Session ID: c26e26de7c33e25851ce55c6409450a4]]>
            </message>
            <full-stacktrace>
              <![CDATA[org.openqa.selenium.ElementClickInterceptedException: element click intercepted: Element <a href="http://qaclickacademy.usefedora.com/sign_in">...</a> is not clickable at point (992, 16). Other element would receive the click: <div class="listbuilder-popup-content">...</div>
  (Session info: chrome=77.0.3865.75)
Build info: version: '3.141.59', revision: 'e82be7d358', time: '2018-11-14T08:17:03'
System info: host: 'LAPTOP-ETN96FDI', ip: '192.168.1.72', os.name: 'Windows 10', os.arch: 'amd64', os.version: '10.0', java.version: '1.8.0_221'
Driver info: org.openqa.selenium.chrome.ChromeDriver
Capabilities {acceptInsecureCerts: false, browserName: chrome, browserVersion: 77.0.3865.75, chrome: {chromedriverVersion: 76.0.3809.126 (d80a294506b4..., userDataDir: C:\Users\DANIER~1\AppData\L...}, goog:chromeOptions: {debuggerAddress: localhost:57899}, javascriptEnabled: true, networkConnectionEnabled: false, pageLoadStrategy: normal, platform: XP, platformName: XP, proxy: Proxy(), setWindowRect: true, strictFileInteractability: false, timeouts: {implicit: 0, pageLoad: 300000, script: 30000}, unhandledPromptBehavior: dismiss and notify}
Session ID: c26e26de7c33e25851ce55c6409450a4
	at sun.reflect.NativeConstructorAccessorImpl.newInstance0(Native Method)
	at sun.reflect.NativeConstructorAccessorImpl.newInstance(NativeConstructorAccessorImpl.java:62)
	at sun.reflect.DelegatingConstructorAccessorImpl.newInstance(DelegatingConstructorAccessorImpl.java:45)
	at java.lang.reflect.Constructor.newInstance(Constructor.java:423)
	at org.openqa.selenium.remote.http.W3CHttpResponseCodec.createException(W3CHttpResponseCodec.java:187)
	at org.openqa.selenium.remote.http.W3CHttpResponseCodec.decode(W3CHttpResponseCodec.java:122)
	at org.openqa.selenium.remote.http.W3CHttpResponseCodec.decode(W3CHttpResponseCodec.java:49)
	at org.openqa.selenium.remote.HttpCommandExecutor.execute(HttpCommandExecutor.java:158)
	at org.openqa.selenium.remote.service.DriverCommandExecutor.execute(DriverCommandExecutor.java:83)
	at org.openqa.selenium.remote.RemoteWebDriver.execute(RemoteWebDriver.java:552)
	at org.openqa.selenium.remote.RemoteWebElement.execute(RemoteWebElement.java:285)
	at org.openqa.selenium.remote.RemoteWebElement.click(RemoteWebElement.java:84)
	at com.danjerous.framework.HomePage.basePageNavigation(HomePage.java:27)
	at sun.reflect.NativeMethodAccessorImpl.invoke0(Native Method)
	at sun.reflect.NativeMethodAccessorImpl.invoke(NativeMethodAccessorImpl.java:62)
	at sun.reflect.DelegatingMethodAccessorImpl.invoke(DelegatingMethodAccessorImpl.java:43)
	at java.lang.reflect.Method.invoke(Method.java:498)
	at org.testng.internal.MethodInvocationHelper.invokeMethod(MethodInvocationHelper.java:104)
	at org.testng.internal.Invoker.invokeMethod(Invoker.java:645)
	at org.testng.internal.Invoker.invokeTestMethod(Invoker.java:851)
	at org.testng.internal.Invoker.invokeTestMethods(Invoker.java:1177)
	at org.testng.internal.TestMethodWorker.invokeTestMethods(TestMethodWorker.java:129)
	at org.testng.internal.TestMethodWorker.run(TestMethodWorker.java:112)
	at org.testng.TestRunner.privateRun(TestRunner.java:756)
	at org.testng.TestRunner.run(TestRunner.java:610)
	at org.testng.SuiteRunner.runTest(SuiteRunner.java:387)
	at org.testng.SuiteRunner.runSequentially(SuiteRunner.java:382)
	at org.testng.SuiteRunner.privateRun(SuiteRunner.java:340)
	at org.testng.SuiteRunner.run(SuiteRunner.java:289)
	at org.testng.SuiteRunnerWorker.runSuite(SuiteRunnerWorker.java:52)
	at org.testng.SuiteRunnerWorker.run(SuiteRunnerWorker.java:86)
	at org.testng.TestNG.runSuitesSequentially(TestNG.java:1293)
	at org.testng.TestNG.runSuitesLocally(TestNG.java:1218)
	at org.testng.TestNG.runSuites(TestNG.java:1133)
	at org.testng.TestNG.run(TestNG.java:1104)
	at org.testng.IDEARemoteTestNG.run(IDEARemoteTestNG.java:73)
	at org.testng.RemoteTestNGStarter.main(RemoteTestNGStarter.java:123)
]]>
            </full-stacktrace>
          </exception> <!-- org.openqa.selenium.ElementClickInterceptedException -->
          <reporter-output>
          </reporter-output>
        </test-method> <!-- basePageNavigation -->
        <test-method status="PASS" signature="tearDown()[pri:0, instance:com.danjerous.framework.HomePage@47fd17e3]" name="tearDown" is-config="true" duration-ms="236" started-at="2019-09-12T12:09:36Z" finished-at="2019-09-12T12:09:36Z">
          <reporter-output>
          </reporter-output>
        </test-method> <!-- tearDown -->
      </class> <!-- com.danjerous.framework.HomePage -->
    </test> <!-- QA Academy page -->
    <test name="Validating home page title" duration-ms="14346" started-at="2019-09-12T17:09:36Z" finished-at="2019-09-12T17:09:51Z">
      <class name="com.danjerous.framework.ValidateTitle">
        <test-method status="PASS" signature="init()[pri:0, instance:com.danjerous.framework.ValidateTitle@3c22fc4c]" name="init" is-config="true" duration-ms="12068" started-at="2019-09-12T12:09:36Z" finished-at="2019-09-12T12:09:49Z">
          <reporter-output>
          </reporter-output>
        </test-method> <!-- init -->
        <test-method status="PASS" signature="basePageNavigation()[pri:0, instance:com.danjerous.framework.ValidateTitle@3c22fc4c]" name="basePageNavigation" duration-ms="80" started-at="2019-09-12T12:09:49Z" finished-at="2019-09-12T12:09:49Z">
          <reporter-output>
          </reporter-output>
        </test-method> <!-- basePageNavigation -->
        <test-method status="PASS" signature="tearDown()[pri:0, instance:com.danjerous.framework.ValidateTitle@3c22fc4c]" name="tearDown" is-config="true" duration-ms="2190" started-at="2019-09-12T12:09:49Z" finished-at="2019-09-12T12:09:51Z">
          <reporter-output>
          </reporter-output>
        </test-method> <!-- tearDown -->
      </class> <!-- com.danjerous.framework.ValidateTitle -->
    </test> <!-- Validating home page title -->
    <test name="Validating navigation bar" duration-ms="14372" started-at="2019-09-12T17:09:51Z" finished-at="2019-09-12T17:10:05Z">
      <class name="com.danjerous.framework.ValidateNavigation">
        <test-method status="PASS" signature="init()[pri:0, instance:com.danjerous.framework.ValidateNavigation@2f7c2f4f]" name="init" is-config="true" duration-ms="14056" started-at="2019-09-12T12:09:51Z" finished-at="2019-09-12T12:10:05Z">
          <reporter-output>
          </reporter-output>
        </test-method> <!-- init -->
        <test-method status="PASS" signature="navigationVisibilityTest()[pri:0, instance:com.danjerous.framework.ValidateNavigation@2f7c2f4f]" name="navigationVisibilityTest" duration-ms="108" started-at="2019-09-12T12:10:05Z" finished-at="2019-09-12T12:10:05Z">
          <reporter-output>
          </reporter-output>
        </test-method> <!-- navigationVisibilityTest -->
        <test-method status="PASS" signature="tearDown()[pri:0, instance:com.danjerous.framework.ValidateNavigation@2f7c2f4f]" name="tearDown" is-config="true" duration-ms="208" started-at="2019-09-12T12:10:05Z" finished-at="2019-09-12T12:10:05Z">
          <reporter-output>
          </reporter-output>
        </test-method> <!-- tearDown -->
      </class> <!-- com.danjerous.framework.ValidateNavigation -->
    </test> <!-- Validating navigation bar -->
  </suite> <!-- QA Academy -->
</testng-results>
