<?xml version="1.0" encoding="UTF-8"?>
<testng-results skipped="0" failed="0" ignored="0" total="2" passed="2">
  <reporter-output>
  </reporter-output>
  <suite name="QA Academy" duration-ms="58375" started-at="2019-09-11T23:02:33Z" finished-at="2019-09-11T23:03:31Z">
    <groups>
    </groups>
    <test name="QA Academy page" duration-ms="58375" started-at="2019-09-11T23:02:33Z" finished-at="2019-09-11T23:03:31Z">
      <class name="com.danjerous.framework.ValidateTitle">
        <test-method status="PASS" signature="basePageNavigation()[pri:0, instance:com.danjerous.framework.ValidateTitle@7006c658]" name="basePageNavigation" duration-ms="34860" started-at="2019-09-11T18:02:33Z" finished-at="2019-09-11T18:03:07Z">
          <reporter-output>
          </reporter-output>
        </test-method> <!-- basePageNavigation -->
        <test-method status="PASS" signature="tearDown()[pri:0, instance:com.danjerous.framework.ValidateTitle@7006c658]" name="tearDown" is-config="true" duration-ms="381" started-at="2019-09-11T18:03:07Z" finished-at="2019-09-11T18:03:08Z">
          <reporter-output>
          </reporter-output>
        </test-method> <!-- tearDown -->
      </class> <!-- com.danjerous.framework.ValidateTitle -->
      <class name="com.danjerous.framework.ValidateNavigation">
        <test-method status="PASS" signature="navigationVisibilityTest()[pri:0, instance:com.danjerous.framework.ValidateNavigation@34033bd0]" name="navigationVisibilityTest" duration-ms="22648" started-at="2019-09-11T18:03:08Z" finished-at="2019-09-11T18:03:30Z">
          <reporter-output>
          </reporter-output>
        </test-method> <!-- navigationVisibilityTest -->
        <test-method status="PASS" signature="tearDown()[pri:0, instance:com.danjerous.framework.ValidateNavigation@34033bd0]" name="tearDown" is-config="true" duration-ms="434" started-at="2019-09-11T18:03:30Z" finished-at="2019-09-11T18:03:31Z">
          <reporter-output>
          </reporter-output>
        </test-method> <!-- tearDown -->
      </class> <!-- com.danjerous.framework.ValidateNavigation -->
    </test> <!-- QA Academy page -->
  </suite> <!-- QA Academy -->
</testng-results>
