<?xml version="1.0" encoding="UTF-8"?>
<!-- Generated by org.testng.reporters.JUnitXMLReporter -->
<testsuite hostname="LAPTOP-ETN96FDI" ignored="0" name="cucumber testng" tests="3" failures="0" timestamp="2019-09-13T17:18:47 COT" time="86.397" errors="0">
  <testcase name="runScenario" time="34.175" classname="cucumber.api.testng.AbstractTestNGCucumberTests"/>
  <testcase name="runScenario" time="29.132" classname="cucumber.api.testng.AbstractTestNGCucumberTests"/>
  <testcase name="runScenario" time="22.782" classname="cucumber.api.testng.AbstractTestNGCucumberTests"/>
</testsuite> <!-- cucumber testng -->
