<?xml version="1.0" encoding="UTF-8"?>
<!-- Generated by org.testng.reporters.JUnitXMLReporter -->
<testsuite hostname="LAPTOP-ETN96FDI" ignored="1" name="Home page test" tests="2" failures="0" timestamp="12 sep 2019 17:07:01 GMT" time="27.705" errors="0">
  <testcase name="basePageNavigation" time="0.072" classname="com.danjerous.framework.ValidateTitle"/>
  <testcase name="navigationVisibilityTest" time="0.112" classname="com.danjerous.framework.ValidateNavigation"/>
  <testcase name="@AfterTest tearDown" time="0.0" classname="com.danjerous.framework.Base">
    <ignored/>
  </testcase> <!-- @AfterTest tearDown -->
</testsuite> <!-- Home page test -->
