<?xml version="1.0" encoding="UTF-8"?>
<!-- Generated by org.testng.reporters.JUnitXMLReporter -->
<testsuite hostname="LAPTOP-ETN96FDI" ignored="0" name="QA Academy page" tests="2" failures="0" timestamp="11 sep 2019 23:03:31 GMT" time="58.375" errors="0">
  <testcase name="basePageNavigation" time="34.86" classname="com.danjerous.framework.ValidateTitle"/>
  <testcase name="navigationVisibilityTest" time="22.648" classname="com.danjerous.framework.ValidateNavigation"/>
</testsuite> <!-- QA Academy page -->
