<?xml version="1.0" encoding="UTF-8"?>
<!-- Generated by org.testng.reporters.JUnitXMLReporter -->
<testsuite hostname="LAPTOP-ETN96FDI" ignored="2" name="QA Academy page" tests="6" failures="0" timestamp="11 sep 2019 22:49:54 GMT" time="303.209" errors="0">
  <testcase name="basePageNavigation" time="43.385" classname="com.danjerous.framework.HomePage"/>
  <testcase name="basePageNavigation" time="36.301" classname="com.danjerous.framework.HomePage"/>
  <testcase name="basePageNavigation" time="70.077" classname="com.danjerous.framework.HomePage"/>
  <testcase name="basePageNavigation" time="59.103" classname="com.danjerous.framework.HomePage"/>
  <testcase name="basePageNavigation" time="46.42" classname="com.danjerous.framework.ValidateTitle"/>
  <testcase name="navigationVisibilityTest" time="42.282" classname="com.danjerous.framework.ValidateNavigation"/>
  <testcase name="@AfterTest tearDown" time="0.0" classname="com.danjerous.framework.Base">
    <ignored/>
  </testcase> <!-- @AfterTest tearDown -->
  <testcase name="@AfterTest tearDown" time="0.0" classname="com.danjerous.framework.Base">
    <ignored/>
  </testcase> <!-- @AfterTest tearDown -->
</testsuite> <!-- QA Academy page -->
