<?xml version="1.0" encoding="UTF-8"?>
<!-- Generated by org.testng.reporters.JUnitXMLReporter -->
<testsuite hostname="LAPTOP-ETN96FDI" ignored="3" name="Car Loan" tests="6" failures="0" timestamp="2019-09-05T18:11:14 COT" time="0.037" errors="0">
  <testcase name="webLoginCarLoan" time="0.006" classname="com.danjerous.testng.BasicTNGLogin"/>
  <testcase name="runningWithoutJavaCompiler" time="0.0" classname="com.danjerous.testng.BasicsTNG"/>
  <testcase name="testFromAnotherClass" time="0.0" classname="com.danjerous.testng.BasicsTNGG"/>
  <testcase name="loginAPIHomeLoan" time="0.0" classname="com.danjerous.testng.BasicTNGLoginHome"/>
  <testcase name="mobileLoginHomeLoan" time="0.0" classname="com.danjerous.testng.BasicTNGLoginHome"/>
  <testcase name="webLoginHomeLoan" time="0.0" classname="com.danjerous.testng.BasicTNGLoginHome"/>
  <testcase name="mobileLoginCarLoan" time="0.0" classname="com.danjerous.testng.BasicTNGLogin">
    <ignored/>
  </testcase> <!-- mobileLoginCarLoan -->
  <testcase name="mobilePayment" time="0.0" classname="com.danjerous.testng.BasicTNGLogin">
    <ignored/>
  </testcase> <!-- mobilePayment -->
  <testcase name="mobileChar" time="0.0" classname="com.danjerous.testng.BasicTNGLogin">
    <ignored/>
  </testcase> <!-- mobileChar -->
</testsuite> <!-- Car Loan -->
