<?xml version="1.0" encoding="UTF-8"?>
<!-- Generated by org.testng.reporters.JUnitXMLReporter -->
<testsuite hostname="LAPTOP-ETN96FDI" ignored="3" name="Personal loan" tests="0" failures="0" timestamp="2019-09-05T18:11:14 COT" time="0.053" errors="0">
  <testcase name="anotherTherTest" time="0.0" classname="com.danjerous.testng.BasicsTNG">
    <ignored/>
  </testcase> <!-- anotherTherTest -->
  <testcase name="takingTooMuchTime" time="0.0" classname="com.danjerous.testng.BasicsTNG">
    <ignored/>
  </testcase> <!-- takingTooMuchTime -->
  <testcase name="anotherTest" time="0.0" classname="com.danjerous.testng.BasicsTNG">
    <ignored/>
  </testcase> <!-- anotherTest -->
</testsuite> <!-- Personal loan -->
